<?xml version="1.0" encoding="UTF-8"?>
<coverage generated="1626259788641" clover="3.2.0">
  <project timestamp="1626259788641" name="All files">
    <metrics statements="12" coveredstatements="12" conditionals="3" coveredconditionals="3" methods="11" coveredmethods="11" elements="26" coveredelements="26" complexity="0" loc="12" ncloc="12" packages="1" files="5" classes="5">
      <file name="animal-factory.ts" path="/Users/joan/Documents/code/joantolos/kata-code-jam/override-polymorphism/src/animal-factory.ts">
        <metrics statements="4" coveredstatements="4" conditionals="3" coveredconditionals="3" methods="2" coveredmethods="2"/>
        <line num="19" count="3" type="stmt"/>
        <line num="21" count="1" type="stmt"/>
        <line num="24" count="1" type="stmt"/>
        <line num="27" count="1" type="stmt"/>
      </file>
      <file name="bird.ts" path="/Users/joan/Documents/code/joantolos/kata-code-jam/override-polymorphism/src/bird.ts">
        <metrics statements="3" coveredstatements="3" conditionals="0" coveredconditionals="0" methods="3" coveredmethods="3"/>
        <line num="6" count="1" type="stmt"/>
        <line num="10" count="1" type="stmt"/>
        <line num="14" count="1" type="stmt"/>
      </file>
      <file name="cat.ts" path="/Users/joan/Documents/code/joantolos/kata-code-jam/override-polymorphism/src/cat.ts">
        <metrics statements="2" coveredstatements="2" conditionals="0" coveredconditionals="0" methods="2" coveredmethods="2"/>
        <line num="7" count="1" type="stmt"/>
        <line num="11" count="1" type="stmt"/>
      </file>
      <file name="dog.ts" path="/Users/joan/Documents/code/joantolos/kata-code-jam/override-polymorphism/src/dog.ts">
        <metrics statements="2" coveredstatements="2" conditionals="0" coveredconditionals="0" methods="2" coveredmethods="2"/>
        <line num="7" count="1" type="stmt"/>
        <line num="11" count="1" type="stmt"/>
      </file>
      <file name="mammal.ts" path="/Users/joan/Documents/code/joantolos/kata-code-jam/override-polymorphism/src/mammal.ts">
        <metrics statements="1" coveredstatements="1" conditionals="0" coveredconditionals="0" methods="2" coveredmethods="2"/>
        <line num="7" count="2" type="stmt"/>
      </file>
    </metrics>
  </project>
</coverage>
