{"/Users/joan/Documents/code/joantolos/kata-code-jam/override-polymorphism/src/animal-factory.ts": {"path":"/Users/joan/Documents/code/joantolos/kata-code-jam/override-polymorphism/src/animal-factory.ts","statementMap":{"0":{"start":{"line":19,"column":4},"end":{"line":29,"column":5}},"1":{"start":{"line":21,"column":8},"end":{"line":21,"column":25}},"2":{"start":{"line":24,"column":8},"end":{"line":24,"column":25}},"3":{"start":{"line":27,"column":8},"end":{"line":27,"column":26}}},"fnMap":{"0":{"name":"(anonymous_0)","decl":{"start":{"line":15,"column":2},"end":{"line":null,"column":-1}},"loc":{"start":{"line":15,"column":2},"end":{"line":16,"column":3}}},"1":{"name":"(anonymous_1)","decl":{"start":{"line":18,"column":9},"end":{"line":18,"column":13}},"loc":{"start":{"line":18,"column":33},"end":{"line":30,"column":3}}}},"branchMap":{"0":{"loc":{"start":{"line":20,"column":6},"end":{"line":22,"column":7}},"type":"switch","locations":[{"start":{"line":20,"column":6},"end":{"line":22,"column":7}},{"start":{"line":23,"column":6},"end":{"line":25,"column":7}},{"start":{"line":26,"column":6},"end":{"line":28,"column":7}}]}},"s":{"0":3,"1":1,"2":1,"3":1},"f":{"0":4,"1":3},"b":{"0":[1,1,1]}}
,"/Users/joan/Documents/code/joantolos/kata-code-jam/override-polymorphism/src/bird.ts": {"path":"/Users/joan/Documents/code/joantolos/kata-code-jam/override-polymorphism/src/bird.ts","statementMap":{"0":{"start":{"line":6,"column":4},"end":{"line":6,"column":147}},"1":{"start":{"line":10,"column":4},"end":{"line":10,"column":20}},"2":{"start":{"line":14,"column":4},"end":{"line":14,"column":18}}},"fnMap":{"0":{"name":"(anonymous_0)","decl":{"start":{"line":5,"column":2},"end":{"line":5,"column":8}},"loc":{"start":{"line":5,"column":9},"end":{"line":7,"column":3}}},"1":{"name":"(anonymous_1)","decl":{"start":{"line":9,"column":2},"end":{"line":9,"column":6}},"loc":{"start":{"line":9,"column":7},"end":{"line":11,"column":3}}},"2":{"name":"(anonymous_2)","decl":{"start":{"line":13,"column":2},"end":{"line":13,"column":10}},"loc":{"start":{"line":13,"column":11},"end":{"line":15,"column":3}}}},"branchMap":{},"s":{"0":1,"1":1,"2":1},"f":{"0":1,"1":1,"2":1},"b":{}}
,"/Users/joan/Documents/code/joantolos/kata-code-jam/override-polymorphism/src/cat.ts": {"path":"/Users/joan/Documents/code/joantolos/kata-code-jam/override-polymorphism/src/cat.ts","statementMap":{"0":{"start":{"line":7,"column":4},"end":{"line":7,"column":19}},"1":{"start":{"line":11,"column":4},"end":{"line":11,"column":18}}},"fnMap":{"0":{"name":"(anonymous_0)","decl":{"start":{"line":6,"column":2},"end":{"line":6,"column":6}},"loc":{"start":{"line":6,"column":7},"end":{"line":8,"column":3}}},"1":{"name":"(anonymous_1)","decl":{"start":{"line":10,"column":2},"end":{"line":10,"column":10}},"loc":{"start":{"line":10,"column":11},"end":{"line":12,"column":3}}}},"branchMap":{},"s":{"0":1,"1":1},"f":{"0":1,"1":1},"b":{}}
,"/Users/joan/Documents/code/joantolos/kata-code-jam/override-polymorphism/src/dog.ts": {"path":"/Users/joan/Documents/code/joantolos/kata-code-jam/override-polymorphism/src/dog.ts","statementMap":{"0":{"start":{"line":7,"column":4},"end":{"line":7,"column":18}},"1":{"start":{"line":11,"column":4},"end":{"line":11,"column":18}}},"fnMap":{"0":{"name":"(anonymous_0)","decl":{"start":{"line":6,"column":2},"end":{"line":6,"column":6}},"loc":{"start":{"line":6,"column":7},"end":{"line":8,"column":3}}},"1":{"name":"(anonymous_1)","decl":{"start":{"line":10,"column":2},"end":{"line":10,"column":10}},"loc":{"start":{"line":10,"column":11},"end":{"line":12,"column":3}}}},"branchMap":{},"s":{"0":1,"1":1},"f":{"0":1,"1":1},"b":{}}
,"/Users/joan/Documents/code/joantolos/kata-code-jam/override-polymorphism/src/mammal.ts": {"path":"/Users/joan/Documents/code/joantolos/kata-code-jam/override-polymorphism/src/mammal.ts","statementMap":{"0":{"start":{"line":7,"column":4},"end":{"line":7,"column":177}}},"fnMap":{"0":{"name":"(anonymous_0)","decl":{"start":{"line":3,"column":2},"end":{"line":null,"column":-1}},"loc":{"start":{"line":3,"column":2},"end":{"line":4,"column":3}}},"1":{"name":"(anonymous_1)","decl":{"start":{"line":6,"column":2},"end":{"line":6,"column":8}},"loc":{"start":{"line":6,"column":9},"end":{"line":8,"column":3}}}},"branchMap":{},"s":{"0":2},"f":{"0":6,"1":2},"b":{}}
}
