TN:
SF:/Users/joan/Documents/code/joantolos/kata-code-jam/override-polymorphism/src/animal-factory.ts
FN:15,(anonymous_0)
FN:18,(anonymous_1)
FNF:2
FNH:2
FNDA:4,(anonymous_0)
FNDA:3,(anonymous_1)
DA:19,3
DA:21,1
DA:24,1
DA:27,1
LF:4
LH:4
BRDA:20,0,0,1
BRDA:20,0,1,1
BRDA:20,0,2,1
BRF:3
BRH:3
end_of_record
TN:
SF:/Users/joan/Documents/code/joantolos/kata-code-jam/override-polymorphism/src/bird.ts
FN:5,(anonymous_0)
FN:9,(anonymous_1)
FN:13,(anonymous_2)
FNF:3
FNH:3
FNDA:1,(anonymous_0)
FNDA:1,(anonymous_1)
FNDA:1,(anonymous_2)
DA:6,1
DA:10,1
DA:14,1
LF:3
LH:3
BRF:0
BRH:0
end_of_record
TN:
SF:/Users/joan/Documents/code/joantolos/kata-code-jam/override-polymorphism/src/cat.ts
FN:6,(anonymous_0)
FN:10,(anonymous_1)
FNF:2
FNH:2
FNDA:1,(anonymous_0)
FNDA:1,(anonymous_1)
DA:7,1
DA:11,1
LF:2
LH:2
BRF:0
BRH:0
end_of_record
TN:
SF:/Users/joan/Documents/code/joantolos/kata-code-jam/override-polymorphism/src/dog.ts
FN:6,(anonymous_0)
FN:10,(anonymous_1)
FNF:2
FNH:2
FNDA:1,(anonymous_0)
FNDA:1,(anonymous_1)
DA:7,1
DA:11,1
LF:2
LH:2
BRF:0
BRH:0
end_of_record
TN:
SF:/Users/joan/Documents/code/joantolos/kata-code-jam/override-polymorphism/src/mammal.ts
FN:3,(anonymous_0)
FN:6,(anonymous_1)
FNF:2
FNH:2
FNDA:6,(anonymous_0)
FNDA:2,(anonymous_1)
DA:7,2
LF:1
LH:1
BRF:0
BRH:0
end_of_record
