<?xml version="1.0" encoding="UTF-8"?>
<coverage generated="1626255439474" clover="3.2.0">
  <project timestamp="1626255439474" name="All files">
    <metrics statements="35" coveredstatements="35" conditionals="19" coveredconditionals="18" methods="16" coveredmethods="16" elements="70" coveredelements="69" complexity="0" loc="35" ncloc="35" packages="1" files="3" classes="3">
      <file name="pagination.provider.ts" path="/Users/joan/Documents/code/joantolos/kata-code-jam/table-manager/src/pagination.provider.ts">
        <metrics statements="4" coveredstatements="4" conditionals="4" coveredconditionals="4" methods="3" coveredmethods="3"/>
        <line num="7" count="5" type="cond" truecount="2" falsecount="0"/>
        <line num="8" count="4" type="stmt"/>
        <line num="10" count="1" type="stmt"/>
        <line num="14" count="5" type="cond" truecount="2" falsecount="0"/>
      </file>
      <file name="sorting.provider.ts" path="/Users/joan/Documents/code/joantolos/kata-code-jam/table-manager/src/sorting.provider.ts">
        <metrics statements="28" coveredstatements="28" conditionals="15" coveredconditionals="14" methods="11" coveredmethods="11"/>
        <line num="7" count="8" type="stmt"/>
        <line num="8" count="12" type="stmt"/>
        <line num="9" count="12" type="stmt"/>
        <line num="12" count="8" type="stmt"/>
        <line num="13" count="12" type="cond" truecount="2" falsecount="0"/>
        <line num="14" count="1" type="stmt"/>
        <line num="15" count="1" type="stmt"/>
        <line num="16" count="1" type="stmt"/>
        <line num="17" count="13" type="stmt"/>
        <line num="20" count="76" type="stmt"/>
        <line num="21" count="8" type="cond" truecount="2" falsecount="0"/>
        <line num="22" count="5" type="stmt"/>
        <line num="24" count="8" type="stmt"/>
        <line num="28" count="96" type="stmt"/>
        <line num="29" count="96" type="stmt"/>
        <line num="31" count="96" type="cond" truecount="2" falsecount="0"/>
        <line num="35" count="90" type="cond" truecount="2" falsecount="0"/>
        <line num="36" count="76" type="stmt"/>
        <line num="37" count="76" type="stmt"/>
        <line num="39" count="14" type="stmt"/>
        <line num="40" count="14" type="stmt"/>
        <line num="43" count="90" type="cond" truecount="2" falsecount="0"/>
        <line num="44" count="31" type="stmt"/>
        <line num="45" count="59" type="cond" truecount="2" falsecount="0"/>
        <line num="46" count="39" type="stmt"/>
        <line num="47" count="20" type="cond" truecount="1" falsecount="1"/>
        <line num="48" count="20" type="stmt"/>
        <line num="51" count="6" type="stmt"/>
      </file>
      <file name="table-manager.provider.ts" path="/Users/joan/Documents/code/joantolos/kata-code-jam/table-manager/src/table-manager.provider.ts">
        <metrics statements="3" coveredstatements="3" conditionals="0" coveredconditionals="0" methods="2" coveredmethods="2"/>
        <line num="10" count="3" type="stmt"/>
        <line num="11" count="3" type="stmt"/>
        <line num="15" count="2" type="stmt"/>
      </file>
    </metrics>
  </project>
</coverage>
