<?xml version="1.0" encoding="UTF-8"?>
<coverage generated="1588508433410" clover="3.2.0">
  <project timestamp="1588508433410" name="All files">
    <metrics statements="27" coveredstatements="27" conditionals="19" coveredconditionals="17" methods="11" coveredmethods="11" elements="57" coveredelements="55" complexity="0" loc="27" ncloc="27" packages="1" files="3" classes="3">
      <file name="paginator.provider.ts" path="/Users/joan/Documents/code/joantolos/kata-code-jam/table-manager/src/paginator.provider.ts">
        <metrics statements="4" coveredstatements="4" conditionals="4" coveredconditionals="4" methods="3" coveredmethods="3"/>
        <line num="7" count="5" type="cond" truecount="2" falsecount="0"/>
        <line num="8" count="4" type="stmt"/>
        <line num="10" count="1" type="stmt"/>
        <line num="14" count="5" type="cond" truecount="2" falsecount="0"/>
      </file>
      <file name="sorter.provider.ts" path="/Users/joan/Documents/code/joantolos/kata-code-jam/table-manager/src/sorter.provider.ts">
        <metrics statements="20" coveredstatements="20" conditionals="15" coveredconditionals="13" methods="6" coveredmethods="6"/>
        <line num="6" count="8" type="cond" truecount="1" falsecount="1"/>
        <line num="10" count="8" type="cond" truecount="2" falsecount="0"/>
        <line num="11" count="14" type="stmt"/>
        <line num="12" count="14" type="stmt"/>
        <line num="13" count="78" type="stmt"/>
        <line num="16" count="93" type="stmt"/>
        <line num="17" count="93" type="stmt"/>
        <line num="19" count="93" type="cond" truecount="2" falsecount="0"/>
        <line num="23" count="88" type="cond" truecount="2" falsecount="0"/>
        <line num="24" count="71" type="stmt"/>
        <line num="25" count="71" type="stmt"/>
        <line num="27" count="17" type="stmt"/>
        <line num="28" count="17" type="stmt"/>
        <line num="31" count="88" type="cond" truecount="2" falsecount="0"/>
        <line num="32" count="31" type="stmt"/>
        <line num="33" count="57" type="cond" truecount="2" falsecount="0"/>
        <line num="34" count="42" type="stmt"/>
        <line num="35" count="15" type="cond" truecount="1" falsecount="1"/>
        <line num="36" count="15" type="stmt"/>
        <line num="39" count="5" type="stmt"/>
      </file>
      <file name="table-manager.provider.ts" path="/Users/joan/Documents/code/joantolos/kata-code-jam/table-manager/src/table-manager.provider.ts">
        <metrics statements="3" coveredstatements="3" conditionals="0" coveredconditionals="0" methods="2" coveredmethods="2"/>
        <line num="10" count="3" type="stmt"/>
        <line num="11" count="3" type="stmt"/>
        <line num="15" count="2" type="stmt"/>
      </file>
    </metrics>
  </project>
</coverage>
