{"/Users/joan/Documents/code/joantolos/kata-code-jam/table-manager/src/pagination.provider.ts": {"path":"/Users/joan/Documents/code/joantolos/kata-code-jam/table-manager/src/pagination.provider.ts","statementMap":{"0":{"start":{"line":7,"column":4},"end":{"line":9,"column":5}},"1":{"start":{"line":8,"column":6},"end":{"line":8,"column":64}},"2":{"start":{"line":10,"column":4},"end":{"line":10,"column":19}},"3":{"start":{"line":14,"column":4},"end":{"line":14,"column":35}}},"fnMap":{"0":{"name":"(anonymous_0)","decl":{"start":{"line":3,"column":2},"end":{"line":null,"column":-1}},"loc":{"start":{"line":3,"column":2},"end":{"line":4,"column":3}}},"1":{"name":"(anonymous_1)","decl":{"start":{"line":6,"column":2},"end":{"line":6,"column":9}},"loc":{"start":{"line":6,"column":32},"end":{"line":11,"column":3}}},"2":{"name":"(anonymous_2)","decl":{"start":{"line":13,"column":10},"end":{"line":13,"column":28}},"loc":{"start":{"line":13,"column":42},"end":{"line":15,"column":3}}}},"branchMap":{"0":{"loc":{"start":{"line":7,"column":4},"end":{"line":9,"column":5}},"type":"if","locations":[{"start":{"line":7,"column":4},"end":{"line":9,"column":5}},{"start":{"line":7,"column":4},"end":{"line":9,"column":5}}]},"1":{"loc":{"start":{"line":14,"column":11},"end":{"line":14,"column":19}},"type":"binary-expr","locations":[{"start":{"line":14,"column":11},"end":{"line":14,"column":19}},{"start":{"line":14,"column":23},"end":{"line":14,"column":34}}]}},"s":{"0":5,"1":4,"2":1,"3":5},"f":{"0":7,"1":5,"2":5},"b":{"0":[4,1],"1":[5,4]}}
,"/Users/joan/Documents/code/joantolos/kata-code-jam/table-manager/src/sorting.provider.ts": {"path":"/Users/joan/Documents/code/joantolos/kata-code-jam/table-manager/src/sorting.provider.ts","statementMap":{"0":{"start":{"line":7,"column":19},"end":{"line":7,"column":35}},"1":{"start":{"line":8,"column":22},"end":{"line":8,"column":58}},"2":{"start":{"line":8,"column":40},"end":{"line":8,"column":57}},"3":{"start":{"line":9,"column":28},"end":{"line":9,"column":64}},"4":{"start":{"line":9,"column":46},"end":{"line":9,"column":63}},"5":{"start":{"line":12,"column":4},"end":{"line":19,"column":7}},"6":{"start":{"line":13,"column":6},"end":{"line":18,"column":7}},"7":{"start":{"line":14,"column":8},"end":{"line":14,"column":45}},"8":{"start":{"line":15,"column":8},"end":{"line":15,"column":38}},"9":{"start":{"line":16,"column":8},"end":{"line":16,"column":99}},"10":{"start":{"line":16,"column":79},"end":{"line":16,"column":95}},"11":{"start":{"line":17,"column":8},"end":{"line":17,"column":153}},"12":{"start":{"line":17,"column":34},"end":{"line":17,"column":151}},"13":{"start":{"line":17,"column":99},"end":{"line":17,"column":125}},"14":{"start":{"line":20,"column":26},"end":{"line":20,"column":124}},"15":{"start":{"line":20,"column":63},"end":{"line":20,"column":123}},"16":{"start":{"line":21,"column":4},"end":{"line":23,"column":5}},"17":{"start":{"line":22,"column":6},"end":{"line":22,"column":68}},"18":{"start":{"line":22,"column":38},"end":{"line":22,"column":66}},"19":{"start":{"line":24,"column":4},"end":{"line":24,"column":25}},"20":{"start":{"line":28,"column":23},"end":{"line":28,"column":39}},"21":{"start":{"line":29,"column":29},"end":{"line":29,"column":51}},"22":{"start":{"line":31,"column":4},"end":{"line":50,"column":5}},"23":{"start":{"line":35,"column":6},"end":{"line":41,"column":7}},"24":{"start":{"line":36,"column":8},"end":{"line":36,"column":27}},"25":{"start":{"line":37,"column":8},"end":{"line":37,"column":26}},"26":{"start":{"line":39,"column":8},"end":{"line":39,"column":26}},"27":{"start":{"line":40,"column":8},"end":{"line":40,"column":27}},"28":{"start":{"line":43,"column":6},"end":{"line":49,"column":7}},"29":{"start":{"line":44,"column":8},"end":{"line":44,"column":29}},"30":{"start":{"line":45,"column":13},"end":{"line":49,"column":7}},"31":{"start":{"line":46,"column":8},"end":{"line":46,"column":29}},"32":{"start":{"line":47,"column":13},"end":{"line":49,"column":7}},"33":{"start":{"line":48,"column":8},"end":{"line":48,"column":87}},"34":{"start":{"line":51,"column":4},"end":{"line":51,"column":13}}},"fnMap":{"0":{"name":"(anonymous_0)","decl":{"start":{"line":3,"column":2},"end":{"line":null,"column":-1}},"loc":{"start":{"line":3,"column":2},"end":{"line":4,"column":3}}},"1":{"name":"(anonymous_1)","decl":{"start":{"line":6,"column":2},"end":{"line":6,"column":5}},"loc":{"start":{"line":6,"column":21},"end":{"line":25,"column":3}}},"2":{"name":"(anonymous_2)","decl":{"start":{"line":8,"column":33},"end":{"line":8,"column":35}},"loc":{"start":{"line":8,"column":40},"end":{"line":8,"column":57}}},"3":{"name":"(anonymous_3)","decl":{"start":{"line":9,"column":39},"end":{"line":9,"column":41}},"loc":{"start":{"line":9,"column":46},"end":{"line":9,"column":63}}},"4":{"name":"(anonymous_4)","decl":{"start":{"line":12,"column":22},"end":{"line":12,"column":24}},"loc":{"start":{"line":12,"column":28},"end":{"line":19,"column":5}}},"5":{"name":"(anonymous_5)","decl":{"start":{"line":16,"column":65},"end":{"line":16,"column":66}},"loc":{"start":{"line":16,"column":79},"end":{"line":16,"column":95}}},"6":{"name":"(anonymous_6)","decl":{"start":{"line":17,"column":24},"end":{"line":17,"column":29}},"loc":{"start":{"line":17,"column":34},"end":{"line":17,"column":151}}},"7":{"name":"(anonymous_7)","decl":{"start":{"line":17,"column":88},"end":{"line":17,"column":94}},"loc":{"start":{"line":17,"column":99},"end":{"line":17,"column":125}}},"8":{"name":"(anonymous_8)","decl":{"start":{"line":20,"column":39},"end":{"line":20,"column":40}},"loc":{"start":{"line":20,"column":63},"end":{"line":20,"column":123}}},"9":{"name":"(anonymous_9)","decl":{"start":{"line":22,"column":28},"end":{"line":22,"column":33}},"loc":{"start":{"line":22,"column":38},"end":{"line":22,"column":66}}},"10":{"name":"(anonymous_10)","decl":{"start":{"line":27,"column":10},"end":{"line":27,"column":16}},"loc":{"start":{"line":27,"column":83},"end":{"line":52,"column":3}}}},"branchMap":{"0":{"loc":{"start":{"line":13,"column":6},"end":{"line":18,"column":7}},"type":"if","locations":[{"start":{"line":13,"column":6},"end":{"line":18,"column":7}},{"start":{"line":13,"column":6},"end":{"line":18,"column":7}}]},"1":{"loc":{"start":{"line":21,"column":4},"end":{"line":23,"column":5}},"type":"if","locations":[{"start":{"line":21,"column":4},"end":{"line":23,"column":5}},{"start":{"line":21,"column":4},"end":{"line":23,"column":5}}]},"2":{"loc":{"start":{"line":27,"column":82},"end":{"line":27,"column":83}},"type":"default-arg","locations":[{"start":{"line":27,"column":82},"end":{"line":27,"column":83}}]},"3":{"loc":{"start":{"line":31,"column":4},"end":{"line":50,"column":5}},"type":"if","locations":[{"start":{"line":31,"column":4},"end":{"line":50,"column":5}},{"start":{"line":31,"column":4},"end":{"line":50,"column":5}}]},"4":{"loc":{"start":{"line":35,"column":6},"end":{"line":41,"column":7}},"type":"if","locations":[{"start":{"line":35,"column":6},"end":{"line":41,"column":7}},{"start":{"line":35,"column":6},"end":{"line":41,"column":7}}]},"5":{"loc":{"start":{"line":43,"column":6},"end":{"line":49,"column":7}},"type":"if","locations":[{"start":{"line":43,"column":6},"end":{"line":49,"column":7}},{"start":{"line":43,"column":6},"end":{"line":49,"column":7}}]},"6":{"loc":{"start":{"line":45,"column":13},"end":{"line":49,"column":7}},"type":"if","locations":[{"start":{"line":45,"column":13},"end":{"line":49,"column":7}},{"start":{"line":45,"column":13},"end":{"line":49,"column":7}}]},"7":{"loc":{"start":{"line":47,"column":13},"end":{"line":49,"column":7}},"type":"if","locations":[{"start":{"line":47,"column":13},"end":{"line":49,"column":7}},{"start":{"line":47,"column":13},"end":{"line":49,"column":7}}]}},"s":{"0":8,"1":8,"2":12,"3":8,"4":12,"5":8,"6":12,"7":1,"8":1,"9":1,"10":1,"11":1,"12":5,"13":13,"14":8,"15":76,"16":8,"17":1,"18":5,"19":8,"20":96,"21":96,"22":96,"23":90,"24":76,"25":76,"26":14,"27":14,"28":90,"29":31,"30":59,"31":39,"32":20,"33":20,"34":6},"f":{"0":8,"1":8,"2":12,"3":12,"4":12,"5":1,"6":5,"7":13,"8":76,"9":5,"10":96},"b":{"0":[1,11],"1":[1,7],"2":[76],"3":[90,6],"4":[76,14],"5":[31,59],"6":[39,20],"7":[20,0]}}
,"/Users/joan/Documents/code/joantolos/kata-code-jam/table-manager/src/table-manager.provider.ts": {"path":"/Users/joan/Documents/code/joantolos/kata-code-jam/table-manager/src/table-manager.provider.ts","statementMap":{"0":{"start":{"line":10,"column":4},"end":{"line":10,"column":33}},"1":{"start":{"line":11,"column":4},"end":{"line":11,"column":39}},"2":{"start":{"line":15,"column":4},"end":{"line":15,"column":86}}},"fnMap":{"0":{"name":"(anonymous_0)","decl":{"start":{"line":9,"column":2},"end":{"line":null,"column":-1}},"loc":{"start":{"line":9,"column":2},"end":{"line":12,"column":3}}},"1":{"name":"(anonymous_1)","decl":{"start":{"line":14,"column":2},"end":{"line":14,"column":8}},"loc":{"start":{"line":14,"column":70},"end":{"line":16,"column":3}}}},"branchMap":{},"s":{"0":3,"1":3,"2":2},"f":{"0":3,"1":2},"b":{}}
}
