{"/Users/joan/Documents/code/joantolos/kata-code-jam/array-sorting/src/paginator.provider.ts": {"path":"/Users/joan/Documents/code/joantolos/kata-code-jam/array-sorting/src/paginator.provider.ts","statementMap":{"0":{"start":{"line":7,"column":4},"end":{"line":9,"column":5}},"1":{"start":{"line":8,"column":6},"end":{"line":8,"column":50}},"2":{"start":{"line":10,"column":4},"end":{"line":10,"column":19}},"3":{"start":{"line":14,"column":4},"end":{"line":14,"column":35}}},"fnMap":{"0":{"name":"(anonymous_0)","decl":{"start":{"line":3,"column":2},"end":{"line":null,"column":-1}},"loc":{"start":{"line":3,"column":2},"end":{"line":4,"column":3}}},"1":{"name":"(anonymous_1)","decl":{"start":{"line":6,"column":2},"end":{"line":6,"column":9}},"loc":{"start":{"line":6,"column":32},"end":{"line":11,"column":3}}},"2":{"name":"(anonymous_2)","decl":{"start":{"line":13,"column":10},"end":{"line":13,"column":28}},"loc":{"start":{"line":13,"column":42},"end":{"line":15,"column":3}}}},"branchMap":{"0":{"loc":{"start":{"line":7,"column":4},"end":{"line":9,"column":5}},"type":"if","locations":[{"start":{"line":7,"column":4},"end":{"line":9,"column":5}},{"start":{"line":7,"column":4},"end":{"line":9,"column":5}}]},"1":{"loc":{"start":{"line":14,"column":11},"end":{"line":14,"column":19}},"type":"binary-expr","locations":[{"start":{"line":14,"column":11},"end":{"line":14,"column":19}},{"start":{"line":14,"column":23},"end":{"line":14,"column":34}}]}},"s":{"0":5,"1":4,"2":1,"3":5},"f":{"0":7,"1":5,"2":5},"b":{"0":[4,1],"1":[5,4]}}
,"/Users/joan/Documents/code/joantolos/kata-code-jam/array-sorting/src/sorter.provider.ts": {"path":"/Users/joan/Documents/code/joantolos/kata-code-jam/array-sorting/src/sorter.provider.ts","statementMap":{"0":{"start":{"line":6,"column":4},"end":{"line":6,"column":97}},"1":{"start":{"line":10,"column":19},"end":{"line":10,"column":63}},"2":{"start":{"line":11,"column":22},"end":{"line":11,"column":58}},"3":{"start":{"line":11,"column":40},"end":{"line":11,"column":57}},"4":{"start":{"line":12,"column":28},"end":{"line":12,"column":64}},"5":{"start":{"line":12,"column":46},"end":{"line":12,"column":63}},"6":{"start":{"line":13,"column":4},"end":{"line":13,"column":110}},"7":{"start":{"line":13,"column":48},"end":{"line":13,"column":108}},"8":{"start":{"line":16,"column":23},"end":{"line":16,"column":39}},"9":{"start":{"line":17,"column":29},"end":{"line":17,"column":51}},"10":{"start":{"line":19,"column":4},"end":{"line":38,"column":5}},"11":{"start":{"line":23,"column":6},"end":{"line":29,"column":7}},"12":{"start":{"line":24,"column":8},"end":{"line":24,"column":27}},"13":{"start":{"line":25,"column":8},"end":{"line":25,"column":26}},"14":{"start":{"line":27,"column":8},"end":{"line":27,"column":26}},"15":{"start":{"line":28,"column":8},"end":{"line":28,"column":27}},"16":{"start":{"line":31,"column":6},"end":{"line":37,"column":7}},"17":{"start":{"line":32,"column":8},"end":{"line":32,"column":29}},"18":{"start":{"line":33,"column":13},"end":{"line":37,"column":7}},"19":{"start":{"line":34,"column":8},"end":{"line":34,"column":29}},"20":{"start":{"line":35,"column":13},"end":{"line":37,"column":7}},"21":{"start":{"line":36,"column":8},"end":{"line":36,"column":87}},"22":{"start":{"line":39,"column":4},"end":{"line":39,"column":13}}},"fnMap":{"0":{"name":"(anonymous_0)","decl":{"start":{"line":5,"column":2},"end":{"line":5,"column":13}},"loc":{"start":{"line":5,"column":27},"end":{"line":7,"column":3}}},"1":{"name":"(anonymous_1)","decl":{"start":{"line":9,"column":2},"end":{"line":9,"column":11}},"loc":{"start":{"line":9,"column":27},"end":{"line":14,"column":3}}},"2":{"name":"(anonymous_2)","decl":{"start":{"line":11,"column":33},"end":{"line":11,"column":35}},"loc":{"start":{"line":11,"column":40},"end":{"line":11,"column":57}}},"3":{"name":"(anonymous_3)","decl":{"start":{"line":12,"column":39},"end":{"line":12,"column":41}},"loc":{"start":{"line":12,"column":46},"end":{"line":12,"column":63}}},"4":{"name":"(anonymous_4)","decl":{"start":{"line":13,"column":24},"end":{"line":13,"column":25}},"loc":{"start":{"line":13,"column":48},"end":{"line":13,"column":108}}},"5":{"name":"(anonymous_5)","decl":{"start":{"line":15,"column":10},"end":{"line":15,"column":16}},"loc":{"start":{"line":15,"column":83},"end":{"line":40,"column":3}}}},"branchMap":{"0":{"loc":{"start":{"line":6,"column":39},"end":{"line":6,"column":51}},"type":"cond-expr","locations":[{"start":{"line":6,"column":39},"end":{"line":6,"column":51}},{"start":{"line":6,"column":54},"end":{"line":6,"column":96}}]},"1":{"loc":{"start":{"line":10,"column":27},"end":{"line":10,"column":43}},"type":"cond-expr","locations":[{"start":{"line":10,"column":27},"end":{"line":10,"column":43}},{"start":{"line":10,"column":46},"end":{"line":10,"column":63}}]},"2":{"loc":{"start":{"line":15,"column":82},"end":{"line":15,"column":83}},"type":"default-arg","locations":[{"start":{"line":15,"column":82},"end":{"line":15,"column":83}}]},"3":{"loc":{"start":{"line":19,"column":4},"end":{"line":38,"column":5}},"type":"if","locations":[{"start":{"line":19,"column":4},"end":{"line":38,"column":5}},{"start":{"line":19,"column":4},"end":{"line":38,"column":5}}]},"4":{"loc":{"start":{"line":23,"column":6},"end":{"line":29,"column":7}},"type":"if","locations":[{"start":{"line":23,"column":6},"end":{"line":29,"column":7}},{"start":{"line":23,"column":6},"end":{"line":29,"column":7}}]},"5":{"loc":{"start":{"line":31,"column":6},"end":{"line":37,"column":7}},"type":"if","locations":[{"start":{"line":31,"column":6},"end":{"line":37,"column":7}},{"start":{"line":31,"column":6},"end":{"line":37,"column":7}}]},"6":{"loc":{"start":{"line":33,"column":13},"end":{"line":37,"column":7}},"type":"if","locations":[{"start":{"line":33,"column":13},"end":{"line":37,"column":7}},{"start":{"line":33,"column":13},"end":{"line":37,"column":7}}]},"7":{"loc":{"start":{"line":35,"column":13},"end":{"line":37,"column":7}},"type":"if","locations":[{"start":{"line":35,"column":13},"end":{"line":37,"column":7}},{"start":{"line":35,"column":13},"end":{"line":37,"column":7}}]}},"s":{"0":8,"1":8,"2":8,"3":14,"4":8,"5":14,"6":8,"7":78,"8":93,"9":93,"10":93,"11":88,"12":71,"13":71,"14":17,"15":17,"16":88,"17":31,"18":57,"19":42,"20":15,"21":15,"22":5},"f":{"0":8,"1":8,"2":14,"3":14,"4":78,"5":93},"b":{"0":[0,8],"1":[7,1],"2":[78],"3":[88,5],"4":[71,17],"5":[31,57],"6":[42,15],"7":[15,0]}}
,"/Users/joan/Documents/code/joantolos/kata-code-jam/array-sorting/src/table-manager.provider.ts": {"path":"/Users/joan/Documents/code/joantolos/kata-code-jam/array-sorting/src/table-manager.provider.ts","statementMap":{"0":{"start":{"line":10,"column":4},"end":{"line":10,"column":31}},"1":{"start":{"line":11,"column":4},"end":{"line":11,"column":37}},"2":{"start":{"line":15,"column":4},"end":{"line":15,"column":90}}},"fnMap":{"0":{"name":"(anonymous_0)","decl":{"start":{"line":9,"column":2},"end":{"line":null,"column":-1}},"loc":{"start":{"line":9,"column":2},"end":{"line":12,"column":3}}},"1":{"name":"(anonymous_1)","decl":{"start":{"line":14,"column":2},"end":{"line":14,"column":8}},"loc":{"start":{"line":14,"column":70},"end":{"line":16,"column":3}}}},"branchMap":{},"s":{"0":3,"1":3,"2":2},"f":{"0":3,"1":2},"b":{}}
}
