TN:
SF:/Users/joan/Documents/code/joantolos/kata-code-jam/table-manager/src/pagination.provider.ts
FN:3,(anonymous_0)
FN:6,(anonymous_1)
FN:13,(anonymous_2)
FNF:3
FNH:3
FNDA:7,(anonymous_0)
FNDA:5,(anonymous_1)
FNDA:5,(anonymous_2)
DA:7,5
DA:8,4
DA:10,1
DA:14,5
LF:4
LH:4
BRDA:7,0,0,4
BRDA:7,0,1,1
BRDA:14,1,0,5
BRDA:14,1,1,4
BRF:4
BRH:4
end_of_record
TN:
SF:/Users/joan/Documents/code/joantolos/kata-code-jam/table-manager/src/sorting.provider.ts
FN:3,(anonymous_0)
FN:6,(anonymous_1)
FN:8,(anonymous_2)
FN:9,(anonymous_3)
FN:12,(anonymous_4)
FN:16,(anonymous_5)
FN:17,(anonymous_6)
FN:17,(anonymous_7)
FN:20,(anonymous_8)
FN:22,(anonymous_9)
FN:27,(anonymous_10)
FNF:11
FNH:11
FNDA:8,(anonymous_0)
FNDA:8,(anonymous_1)
FNDA:12,(anonymous_2)
FNDA:12,(anonymous_3)
FNDA:12,(anonymous_4)
FNDA:1,(anonymous_5)
FNDA:5,(anonymous_6)
FNDA:13,(anonymous_7)
FNDA:76,(anonymous_8)
FNDA:5,(anonymous_9)
FNDA:96,(anonymous_10)
DA:7,8
DA:8,12
DA:9,12
DA:12,8
DA:13,12
DA:14,1
DA:15,1
DA:16,1
DA:17,13
DA:20,76
DA:21,8
DA:22,5
DA:24,8
DA:28,96
DA:29,96
DA:31,96
DA:35,90
DA:36,76
DA:37,76
DA:39,14
DA:40,14
DA:43,90
DA:44,31
DA:45,59
DA:46,39
DA:47,20
DA:48,20
DA:51,6
LF:28
LH:28
BRDA:13,0,0,1
BRDA:13,0,1,11
BRDA:21,1,0,1
BRDA:21,1,1,7
BRDA:27,2,0,76
BRDA:31,3,0,90
BRDA:31,3,1,6
BRDA:35,4,0,76
BRDA:35,4,1,14
BRDA:43,5,0,31
BRDA:43,5,1,59
BRDA:45,6,0,39
BRDA:45,6,1,20
BRDA:47,7,0,20
BRDA:47,7,1,0
BRF:15
BRH:14
end_of_record
TN:
SF:/Users/joan/Documents/code/joantolos/kata-code-jam/table-manager/src/table-manager.provider.ts
FN:9,(anonymous_0)
FN:14,(anonymous_1)
FNF:2
FNH:2
FNDA:3,(anonymous_0)
FNDA:2,(anonymous_1)
DA:10,3
DA:11,3
DA:15,2
LF:3
LH:3
BRF:0
BRH:0
end_of_record
