TN:
SF:/Users/joan/Documents/code/joantolos/kata-code-jam/table-manager/src/pagination.provider.ts
FN:3,(anonymous_0)
FN:6,(anonymous_1)
FN:13,(anonymous_2)
FNF:3
FNH:3
FNDA:7,(anonymous_0)
FNDA:5,(anonymous_1)
FNDA:5,(anonymous_2)
DA:7,5
DA:8,4
DA:10,1
DA:14,5
LF:4
LH:4
BRDA:7,0,0,4
BRDA:7,0,1,1
BRDA:14,1,0,5
BRDA:14,1,1,4
BRF:4
BRH:4
end_of_record
TN:
SF:/Users/joan/Documents/code/joantolos/kata-code-jam/table-manager/src/sorting.provider.ts
FN:5,(anonymous_0)
FN:9,(anonymous_1)
FN:11,(anonymous_2)
FN:12,(anonymous_3)
FN:13,(anonymous_4)
FN:15,(anonymous_5)
FNF:6
FNH:6
FNDA:8,(anonymous_0)
FNDA:8,(anonymous_1)
FNDA:14,(anonymous_2)
FNDA:14,(anonymous_3)
FNDA:78,(anonymous_4)
FNDA:93,(anonymous_5)
DA:6,8
DA:10,8
DA:11,14
DA:12,14
DA:13,78
DA:16,93
DA:17,93
DA:19,93
DA:23,88
DA:24,71
DA:25,71
DA:27,17
DA:28,17
DA:31,88
DA:32,31
DA:33,57
DA:34,42
DA:35,15
DA:36,15
DA:39,5
LF:20
LH:20
BRDA:6,0,0,0
BRDA:6,0,1,8
BRDA:10,1,0,7
BRDA:10,1,1,1
BRDA:15,2,0,78
BRDA:19,3,0,88
BRDA:19,3,1,5
BRDA:23,4,0,71
BRDA:23,4,1,17
BRDA:31,5,0,31
BRDA:31,5,1,57
BRDA:33,6,0,42
BRDA:33,6,1,15
BRDA:35,7,0,15
BRDA:35,7,1,0
BRF:15
BRH:13
end_of_record
TN:
SF:/Users/joan/Documents/code/joantolos/kata-code-jam/table-manager/src/table-manager.provider.ts
FN:9,(anonymous_0)
FN:14,(anonymous_1)
FNF:2
FNH:2
FNDA:3,(anonymous_0)
FNDA:2,(anonymous_1)
DA:10,3
DA:11,3
DA:15,2
LF:3
LH:3
BRF:0
BRH:0
end_of_record
